[DEBUG] 2023-10-14 09:05:54.677 [main] SwagLabsPagesTest - Debugging.....
[INFO ] 2023-10-14 09:05:54.793 [main] SwagLabsPagesTest - Login Page Title Matching ....
[INFO ] 2023-10-14 09:05:54.799 [main] SwagLabsPagesTest - Login Page Title Matched ....
[INFO ] 2023-10-14 09:05:54.819 [main] SwagLabsPagesTest - Login Page url Matching ....
[INFO ] 2023-10-14 09:05:54.819 [main] SwagLabsPagesTest - Login Page url Matched ....
[INFO ] 2023-10-14 09:05:54.896 [main] SwagLabsPagesTest - Login Page logo Matching ....
[INFO ] 2023-10-14 09:05:54.896 [main] SwagLabsPagesTest - Login Page logo Matched ....
[INFO ] 2023-10-14 09:05:54.938 [main] SwagLabsPagesTest - Verifying all Accepted Username Password
[INFO ] 2023-10-14 09:05:55.497 [main] SwagLabsPagesTest - Login Action Performed Succesfully
[INFO ] 2023-10-14 09:05:55.548 [main] SwagLabsPagesTest - Product Page Title Matching ....
[INFO ] 2023-10-14 09:05:55.549 [main] SwagLabsPagesTest - Product Page Title Matched ....
[INFO ] 2023-10-14 09:05:55.564 [main] SwagLabsPagesTest - Product Page url Matching ....
[INFO ] 2023-10-14 09:05:55.564 [main] SwagLabsPagesTest - Product Page url Matched....
[INFO ] 2023-10-14 09:05:55.611 [main] SwagLabsPagesTest - Product Page logo Matching ....
[INFO ] 2023-10-14 09:05:55.612 [main] SwagLabsPagesTest - Product Page logo Matching ....
[INFO ] 2023-10-14 09:05:55.638 [main] SwagLabsPagesTest - verified all product Filter text
[INFO ] 2023-10-14 09:05:55.656 [main] SwagLabsPagesTest - verified all footer links text
[INFO ] 2023-10-14 09:05:55.686 [main] SwagLabsPagesTest - verified all product links
[INFO ] 2023-10-14 09:05:55.843 [main] SwagLabsPagesTest - Click on Product Link
[INFO ] 2023-10-14 09:05:55.863 [main] SwagLabsPagesTest - Second Product Page title Matching ....
[INFO ] 2023-10-14 09:05:55.864 [main] SwagLabsPagesTest - Second Product Page title Matched ....
[INFO ] 2023-10-14 09:05:55.878 [main] SwagLabsPagesTest - Second Product Page url Matching ....
[INFO ] 2023-10-14 09:05:55.879 [main] SwagLabsPagesTest - Second Product Page url Matched ....
[INFO ] 2023-10-14 09:05:55.919 [main] SwagLabsPagesTest - Product price Matching ....
[INFO ] 2023-10-14 09:05:55.919 [main] SwagLabsPagesTest - Product price Matched....
[INFO ] 2023-10-14 09:05:56.102 [main] SwagLabsPagesTest - Click on AddToCart Button
[INFO ] 2023-10-14 09:05:56.116 [main] SwagLabsPagesTest - Product in cart Matching ....
[INFO ] 2023-10-14 09:05:56.116 [main] SwagLabsPagesTest - Product in cart Matched ....
[INFO ] 2023-10-14 09:05:56.236 [main] SwagLabsPagesTest - click on checkout Button
[INFO ] 2023-10-14 09:05:56.248 [main] SwagLabsPagesTest - Address Page Title Matching
[INFO ] 2023-10-14 09:05:56.250 [main] SwagLabsPagesTest - Address Page Title Matched
[INFO ] 2023-10-14 09:05:56.255 [main] SwagLabsPagesTest - Address Page url Matching
[INFO ] 2023-10-14 09:05:56.255 [main] SwagLabsPagesTest - Address Page url Matched
[INFO ] 2023-10-14 09:05:56.308 [main] SwagLabsPagesTest - Address Page logo Matching
[INFO ] 2023-10-14 09:05:56.308 [main] SwagLabsPagesTest - Address Page logo Matched
[INFO ] 2023-10-14 09:05:56.344 [main] SwagLabsPagesTest - Address Page Header Matching
[INFO ] 2023-10-14 09:05:56.345 [main] SwagLabsPagesTest - Address Page Header Matched
[INFO ] 2023-10-14 09:05:56.359 [main] SwagLabsPagesTest - verified All Footer Links
[INFO ] 2023-10-14 09:05:57.788 [main] SwagLabsPagesTest - Successfullt Sent Address Values
[INFO ] 2023-10-14 09:05:57.824 [main] SwagLabsPagesTest - Payement Page logo Matching
[INFO ] 2023-10-14 09:05:57.824 [main] SwagLabsPagesTest - Payement Page logo Matched
[INFO ] 2023-10-14 09:05:57.846 [main] SwagLabsPagesTest - Payement Page Header Matching
[INFO ] 2023-10-14 09:05:57.846 [main] SwagLabsPagesTest - Payement Page Header Matched
[INFO ] 2023-10-14 09:05:57.859 [main] SwagLabsPagesTest - Verified all Footer Links
[INFO ] 2023-10-14 09:05:57.884 [main] SwagLabsPagesTest - Payement Information Matching
[INFO ] 2023-10-14 09:05:57.885 [main] SwagLabsPagesTest - Payement Information Matched
[INFO ] 2023-10-14 09:05:57.916 [main] SwagLabsPagesTest - Shipping Information Matching
[INFO ] 2023-10-14 09:05:57.917 [main] SwagLabsPagesTest - Shipping Information Matched
[INFO ] 2023-10-14 09:05:58.030 [main] SwagLabsPagesTest - Final product price Matching
[INFO ] 2023-10-14 09:05:58.030 [main] SwagLabsPagesTest - Final product price Matched
[WARN ] 2023-10-14 09:05:58.500 [main] SwagLabsPagesTest - Close Down Executed
[DEBUG] 2023-10-14 09:10:39.364 [main] SwagLabsPagesTest - Debugging.....
[INFO ] 2023-10-14 09:10:39.463 [main] SwagLabsPagesTest - Login Page Title Matching ....
[INFO ] 2023-10-14 09:10:39.472 [main] SwagLabsPagesTest - Login Page Title Matched ....
[INFO ] 2023-10-14 09:10:39.491 [main] SwagLabsPagesTest - Login Page url Matching ....
[INFO ] 2023-10-14 09:10:39.492 [main] SwagLabsPagesTest - Login Page url Matched ....
[INFO ] 2023-10-14 09:10:39.564 [main] SwagLabsPagesTest - Login Page logo Matching ....
[INFO ] 2023-10-14 09:10:39.565 [main] SwagLabsPagesTest - Login Page logo Matched ....
[INFO ] 2023-10-14 09:10:39.632 [main] SwagLabsPagesTest - Verifying all Accepted Username Password
[INFO ] 2023-10-14 09:10:40.076 [main] SwagLabsPagesTest - Login Action Performed Succesfully
[INFO ] 2023-10-14 09:10:40.137 [main] SwagLabsPagesTest - Product Page Title Matching ....
[INFO ] 2023-10-14 09:10:40.138 [main] SwagLabsPagesTest - Product Page Title Matched ....
[INFO ] 2023-10-14 09:10:40.162 [main] SwagLabsPagesTest - Product Page url Matching ....
[INFO ] 2023-10-14 09:10:40.162 [main] SwagLabsPagesTest - Product Page url Matched....
[INFO ] 2023-10-14 09:10:40.218 [main] SwagLabsPagesTest - Product Page logo Matching ....
[INFO ] 2023-10-14 09:10:40.219 [main] SwagLabsPagesTest - Product Page logo Matching ....
[INFO ] 2023-10-14 09:10:40.239 [main] SwagLabsPagesTest - verified all product Filter text
[INFO ] 2023-10-14 09:10:40.255 [main] SwagLabsPagesTest - verified all footer links text
[INFO ] 2023-10-14 09:10:40.281 [main] SwagLabsPagesTest - verified all product links
[INFO ] 2023-10-14 09:10:40.383 [main] SwagLabsPagesTest - Click on Product Link
[INFO ] 2023-10-14 09:10:40.399 [main] SwagLabsPagesTest - Second Product Page title Matching ....
[INFO ] 2023-10-14 09:10:40.400 [main] SwagLabsPagesTest - Second Product Page title Matched ....
[INFO ] 2023-10-14 09:10:40.408 [main] SwagLabsPagesTest - Second Product Page url Matching ....
[INFO ] 2023-10-14 09:10:40.409 [main] SwagLabsPagesTest - Second Product Page url Matched ....
[INFO ] 2023-10-14 09:10:40.432 [main] SwagLabsPagesTest - Product price Matching ....
[INFO ] 2023-10-14 09:10:40.433 [main] SwagLabsPagesTest - Product price Matched....
[INFO ] 2023-10-14 09:10:40.602 [main] SwagLabsPagesTest - Click on AddToCart Button
[INFO ] 2023-10-14 09:10:40.624 [main] SwagLabsPagesTest - Product in cart Matching ....
[INFO ] 2023-10-14 09:10:40.624 [main] SwagLabsPagesTest - Product in cart Matched ....
[INFO ] 2023-10-14 09:10:40.721 [main] SwagLabsPagesTest - click on checkout Button
[INFO ] 2023-10-14 09:10:40.734 [main] SwagLabsPagesTest - Address Page Title Matching
[INFO ] 2023-10-14 09:10:40.735 [main] SwagLabsPagesTest - Address Page Title Matched
[INFO ] 2023-10-14 09:10:40.740 [main] SwagLabsPagesTest - Address Page url Matching
[INFO ] 2023-10-14 09:10:40.740 [main] SwagLabsPagesTest - Address Page url Matched
[INFO ] 2023-10-14 09:10:40.762 [main] SwagLabsPagesTest - Address Page logo Matching
[INFO ] 2023-10-14 09:10:40.763 [main] SwagLabsPagesTest - Address Page logo Matched
[INFO ] 2023-10-14 09:10:40.792 [main] SwagLabsPagesTest - Address Page Header Matching
[INFO ] 2023-10-14 09:10:40.792 [main] SwagLabsPagesTest - Address Page Header Matched
[INFO ] 2023-10-14 09:10:40.817 [main] SwagLabsPagesTest - verified All Footer Links
[INFO ] 2023-10-14 09:10:42.335 [main] SwagLabsPagesTest - Successfullt Sent Address Values
[INFO ] 2023-10-14 09:10:42.368 [main] SwagLabsPagesTest - Payement Page logo Matching
[INFO ] 2023-10-14 09:10:42.369 [main] SwagLabsPagesTest - Payement Page logo Matched
[INFO ] 2023-10-14 09:10:42.392 [main] SwagLabsPagesTest - Payement Page Header Matching
[INFO ] 2023-10-14 09:10:42.392 [main] SwagLabsPagesTest - Payement Page Header Matched
[INFO ] 2023-10-14 09:10:42.405 [main] SwagLabsPagesTest - Verified all Footer Links
[INFO ] 2023-10-14 09:10:42.433 [main] SwagLabsPagesTest - Payement Information Matching
[INFO ] 2023-10-14 09:10:42.433 [main] SwagLabsPagesTest - Payement Information Matched
[INFO ] 2023-10-14 09:10:42.456 [main] SwagLabsPagesTest - Shipping Information Matching
[INFO ] 2023-10-14 09:10:42.456 [main] SwagLabsPagesTest - Shipping Information Matched
[INFO ] 2023-10-14 09:10:42.570 [main] SwagLabsPagesTest - Final product price Matching
[INFO ] 2023-10-14 09:10:42.570 [main] SwagLabsPagesTest - Final product price Matched
[WARN ] 2023-10-14 09:10:43.043 [main] SwagLabsPagesTest - Close Down Executed
[DEBUG] 2023-10-14 09:19:37.366 [main] SwagLabsPagesTest - Debugging.....
[DEBUG] 2023-10-14 09:20:07.054 [main] SwagLabsPagesTest - Debugging.....
[DEBUG] 2023-10-14 09:21:54.141 [main] SwagLabsPagesTest - Debugging.....
[DEBUG] 2023-10-14 09:23:53.002 [main] SwagLabsPagesTest - Debugging.....
[INFO ] 2023-10-14 09:23:53.104 [main] SwagLabsPagesTest - Login Page Title Matching ....
[INFO ] 2023-10-14 09:23:53.111 [main] SwagLabsPagesTest - Login Page Title Matched ....
[INFO ] 2023-10-14 09:23:53.129 [main] SwagLabsPagesTest - Login Page url Matching ....
[INFO ] 2023-10-14 09:23:53.129 [main] SwagLabsPagesTest - Login Page url Matched ....
[INFO ] 2023-10-14 09:23:53.192 [main] SwagLabsPagesTest - Login Page logo Matching ....
[INFO ] 2023-10-14 09:23:53.192 [main] SwagLabsPagesTest - Login Page logo Matched ....
[INFO ] 2023-10-14 09:23:53.234 [main] SwagLabsPagesTest - Verifying all Accepted Username Password
[INFO ] 2023-10-14 09:23:53.858 [main] SwagLabsPagesTest - Login Action Performed Succesfully
[INFO ] 2023-10-14 09:23:53.939 [main] SwagLabsPagesTest - Product Page Title Matching ....
[INFO ] 2023-10-14 09:23:53.939 [main] SwagLabsPagesTest - Product Page Title Matched ....
[INFO ] 2023-10-14 09:23:53.971 [main] SwagLabsPagesTest - Product Page url Matching ....
[INFO ] 2023-10-14 09:23:53.971 [main] SwagLabsPagesTest - Product Page url Matched....
[INFO ] 2023-10-14 09:23:54.038 [main] SwagLabsPagesTest - Product Page logo Matching ....
[INFO ] 2023-10-14 09:23:54.038 [main] SwagLabsPagesTest - Product Page logo Matching ....
[INFO ] 2023-10-14 09:23:54.055 [main] SwagLabsPagesTest - verified all product Filter text
[INFO ] 2023-10-14 09:23:54.080 [main] SwagLabsPagesTest - verified all footer links text
[INFO ] 2023-10-14 09:23:54.109 [main] SwagLabsPagesTest - verified all product links
[INFO ] 2023-10-14 09:23:54.270 [main] SwagLabsPagesTest - Click on Product Link
[INFO ] 2023-10-14 09:23:54.295 [main] SwagLabsPagesTest - Second Product Page title Matching ....
[INFO ] 2023-10-14 09:23:54.295 [main] SwagLabsPagesTest - Second Product Page title Matched ....
[INFO ] 2023-10-14 09:23:54.303 [main] SwagLabsPagesTest - Second Product Page url Matching ....
[INFO ] 2023-10-14 09:23:54.304 [main] SwagLabsPagesTest - Second Product Page url Matched ....
[INFO ] 2023-10-14 09:23:54.332 [main] SwagLabsPagesTest - Product price Matching ....
[INFO ] 2023-10-14 09:23:54.332 [main] SwagLabsPagesTest - Product price Matched....
[INFO ] 2023-10-14 09:23:54.541 [main] SwagLabsPagesTest - Click on AddToCart Button
[INFO ] 2023-10-14 09:23:54.565 [main] SwagLabsPagesTest - Product in cart Matching ....
[INFO ] 2023-10-14 09:23:54.565 [main] SwagLabsPagesTest - Product in cart Matched ....
[INFO ] 2023-10-14 09:23:54.692 [main] SwagLabsPagesTest - click on checkout Button
[INFO ] 2023-10-14 09:23:54.708 [main] SwagLabsPagesTest - Address Page Title Matching
[INFO ] 2023-10-14 09:23:54.708 [main] SwagLabsPagesTest - Address Page Title Matched
[INFO ] 2023-10-14 09:23:54.714 [main] SwagLabsPagesTest - Address Page url Matching
[INFO ] 2023-10-14 09:23:54.714 [main] SwagLabsPagesTest - Address Page url Matched
[INFO ] 2023-10-14 09:23:54.742 [main] SwagLabsPagesTest - Address Page logo Matching
[INFO ] 2023-10-14 09:23:54.742 [main] SwagLabsPagesTest - Address Page logo Matched
[INFO ] 2023-10-14 09:23:54.774 [main] SwagLabsPagesTest - Address Page Header Matching
[INFO ] 2023-10-14 09:23:54.774 [main] SwagLabsPagesTest - Address Page Header Matched
[INFO ] 2023-10-14 09:23:54.786 [main] SwagLabsPagesTest - verified All Footer Links
[INFO ] 2023-10-14 09:23:56.132 [main] SwagLabsPagesTest - Successfullt Sent Address Values
[INFO ] 2023-10-14 09:23:56.162 [main] SwagLabsPagesTest - Payement Page logo Matching
[INFO ] 2023-10-14 09:23:56.163 [main] SwagLabsPagesTest - Payement Page logo Matched
[INFO ] 2023-10-14 09:23:56.184 [main] SwagLabsPagesTest - Payement Page Header Matching
[INFO ] 2023-10-14 09:23:56.184 [main] SwagLabsPagesTest - Payement Page Header Matched
[INFO ] 2023-10-14 09:23:56.199 [main] SwagLabsPagesTest - Verified all Footer Links
[INFO ] 2023-10-14 09:23:56.224 [main] SwagLabsPagesTest - Payement Information Matching
[INFO ] 2023-10-14 09:23:56.224 [main] SwagLabsPagesTest - Payement Information Matched
[INFO ] 2023-10-14 09:23:56.255 [main] SwagLabsPagesTest - Shipping Information Matching
[INFO ] 2023-10-14 09:23:56.256 [main] SwagLabsPagesTest - Shipping Information Matched
[INFO ] 2023-10-14 09:23:56.393 [main] SwagLabsPagesTest - Final product price Matching
[INFO ] 2023-10-14 09:23:56.394 [main] SwagLabsPagesTest - Final product price Matched
[WARN ] 2023-10-14 09:23:57.020 [main] SwagLabsPagesTest - Close Down Executed
[DEBUG] 2023-10-14 09:30:09.857 [main] SwagLabsPagesTest - Debugging.....
[INFO ] 2023-10-14 09:30:10.006 [main] SwagLabsPagesTest - Login Page Title Matching ....
[INFO ] 2023-10-14 09:30:10.011 [main] SwagLabsPagesTest - Login Page Title Matched ....
[INFO ] 2023-10-14 09:30:10.296 [main] SwagLabsPagesTest - Login Page url Matching ....
[INFO ] 2023-10-14 09:30:10.297 [main] SwagLabsPagesTest - Login Page url Matched ....
[INFO ] 2023-10-14 09:30:10.560 [main] SwagLabsPagesTest - Login Page logo Matching ....
[INFO ] 2023-10-14 09:30:10.560 [main] SwagLabsPagesTest - Login Page logo Matched ....
[INFO ] 2023-10-14 09:30:10.799 [main] SwagLabsPagesTest - Verifying all Accepted Username Password
[INFO ] 2023-10-14 09:30:11.352 [main] SwagLabsPagesTest - Login Action Performed Succesfully
[INFO ] 2023-10-14 09:30:11.877 [main] SwagLabsPagesTest - Product Page Title Matching ....
[INFO ] 2023-10-14 09:30:11.877 [main] SwagLabsPagesTest - Product Page Title Matched ....
[INFO ] 2023-10-14 09:30:12.260 [main] SwagLabsPagesTest - Product Page url Matching ....
[INFO ] 2023-10-14 09:30:12.260 [main] SwagLabsPagesTest - Product Page url Matched....
[INFO ] 2023-10-14 09:30:12.663 [main] SwagLabsPagesTest - Product Page logo Matching ....
[INFO ] 2023-10-14 09:30:12.664 [main] SwagLabsPagesTest - Product Page logo Matching ....
[INFO ] 2023-10-14 09:30:13.028 [main] SwagLabsPagesTest - verified all product Filter text
[INFO ] 2023-10-14 09:30:13.408 [main] SwagLabsPagesTest - verified all footer links text
[INFO ] 2023-10-14 09:30:13.812 [main] SwagLabsPagesTest - verified all product links
[INFO ] 2023-10-14 09:30:14.283 [main] SwagLabsPagesTest - Click on Product Link
[INFO ] 2023-10-14 09:30:14.546 [main] SwagLabsPagesTest - Second Product Page title Matching ....
[INFO ] 2023-10-14 09:30:14.547 [main] SwagLabsPagesTest - Second Product Page title Matched ....
[INFO ] 2023-10-14 09:30:14.765 [main] SwagLabsPagesTest - Second Product Page url Matching ....
[INFO ] 2023-10-14 09:30:14.765 [main] SwagLabsPagesTest - Second Product Page url Matched ....
[INFO ] 2023-10-14 09:30:15.050 [main] SwagLabsPagesTest - Product price Matching ....
[INFO ] 2023-10-14 09:30:15.050 [main] SwagLabsPagesTest - Product price Matched....
[INFO ] 2023-10-14 09:30:15.469 [main] SwagLabsPagesTest - Click on AddToCart Button
[INFO ] 2023-10-14 09:30:15.712 [main] SwagLabsPagesTest - Product in cart Matching ....
[INFO ] 2023-10-14 09:30:15.712 [main] SwagLabsPagesTest - Product in cart Matched ....
[INFO ] 2023-10-14 09:30:15.975 [main] SwagLabsPagesTest - click on checkout Button
[INFO ] 2023-10-14 09:30:16.252 [main] SwagLabsPagesTest - Address Page Title Matching
[INFO ] 2023-10-14 09:30:16.252 [main] SwagLabsPagesTest - Address Page Title Matched
[INFO ] 2023-10-14 09:30:16.464 [main] SwagLabsPagesTest - Address Page url Matching
[INFO ] 2023-10-14 09:30:16.465 [main] SwagLabsPagesTest - Address Page url Matched
[INFO ] 2023-10-14 09:30:16.700 [main] SwagLabsPagesTest - Address Page logo Matching
[INFO ] 2023-10-14 09:30:16.700 [main] SwagLabsPagesTest - Address Page logo Matched
[INFO ] 2023-10-14 09:30:16.919 [main] SwagLabsPagesTest - Address Page Header Matching
[INFO ] 2023-10-14 09:30:16.921 [main] SwagLabsPagesTest - Address Page Header Matched
[INFO ] 2023-10-14 09:30:17.136 [main] SwagLabsPagesTest - verified All Footer Links
[INFO ] 2023-10-14 09:30:18.582 [main] SwagLabsPagesTest - Successfullt Sent Address Values
[INFO ] 2023-10-14 09:30:18.879 [main] SwagLabsPagesTest - Payement Page logo Matching
[INFO ] 2023-10-14 09:30:18.879 [main] SwagLabsPagesTest - Payement Page logo Matched
[INFO ] 2023-10-14 09:30:19.154 [main] SwagLabsPagesTest - Payement Page Header Matching
[INFO ] 2023-10-14 09:30:19.155 [main] SwagLabsPagesTest - Payement Page Header Matched
[INFO ] 2023-10-14 09:30:19.409 [main] SwagLabsPagesTest - Verified all Footer Links
[INFO ] 2023-10-14 09:30:19.698 [main] SwagLabsPagesTest - Payement Information Matching
[INFO ] 2023-10-14 09:30:19.699 [main] SwagLabsPagesTest - Payement Information Matched
[INFO ] 2023-10-14 09:30:19.925 [main] SwagLabsPagesTest - Shipping Information Matching
[INFO ] 2023-10-14 09:30:19.926 [main] SwagLabsPagesTest - Shipping Information Matched
[INFO ] 2023-10-14 09:30:20.310 [main] SwagLabsPagesTest - Final product price Matching
[INFO ] 2023-10-14 09:30:20.311 [main] SwagLabsPagesTest - Final product price Matched
[WARN ] 2023-10-14 09:30:21.099 [main] SwagLabsPagesTest - Close Down Executed
[DEBUG] 2023-10-14 09:31:02.926 [main] SwagLabsPagesTest - Debugging.....
[INFO ] 2023-10-14 09:31:03.077 [main] SwagLabsPagesTest - Login Page Title Matching ....
[INFO ] 2023-10-14 09:31:03.084 [main] SwagLabsPagesTest - Login Page Title Matched ....
[INFO ] 2023-10-14 09:31:03.413 [main] SwagLabsPagesTest - Login Page url Matching ....
[INFO ] 2023-10-14 09:31:03.413 [main] SwagLabsPagesTest - Login Page url Matched ....
[INFO ] 2023-10-14 09:31:03.687 [main] SwagLabsPagesTest - Login Page logo Matching ....
[INFO ] 2023-10-14 09:31:03.687 [main] SwagLabsPagesTest - Login Page logo Matched ....
[INFO ] 2023-10-14 09:31:03.924 [main] SwagLabsPagesTest - Verifying all Accepted Username Password
[INFO ] 2023-10-14 09:31:04.509 [main] SwagLabsPagesTest - Login Action Performed Succesfully
[INFO ] 2023-10-14 09:31:05.057 [main] SwagLabsPagesTest - Product Page Title Matching ....
[INFO ] 2023-10-14 09:31:05.057 [main] SwagLabsPagesTest - Product Page Title Matched ....
[INFO ] 2023-10-14 09:31:05.420 [main] SwagLabsPagesTest - Product Page url Matching ....
[INFO ] 2023-10-14 09:31:05.420 [main] SwagLabsPagesTest - Product Page url Matched....
[INFO ] 2023-10-14 09:31:05.874 [main] SwagLabsPagesTest - Product Page logo Matching ....
[INFO ] 2023-10-14 09:31:05.874 [main] SwagLabsPagesTest - Product Page logo Matching ....
[INFO ] 2023-10-14 09:31:06.267 [main] SwagLabsPagesTest - verified all product Filter text
[INFO ] 2023-10-14 09:31:06.641 [main] SwagLabsPagesTest - verified all footer links text
[INFO ] 2023-10-14 09:31:07.045 [main] SwagLabsPagesTest - verified all product links
[INFO ] 2023-10-14 09:31:07.568 [main] SwagLabsPagesTest - Click on Product Link
[INFO ] 2023-10-14 09:31:07.877 [main] SwagLabsPagesTest - Second Product Page title Matching ....
[INFO ] 2023-10-14 09:31:07.877 [main] SwagLabsPagesTest - Second Product Page title Matched ....
[INFO ] 2023-10-14 09:31:08.177 [main] SwagLabsPagesTest - Second Product Page url Matching ....
[INFO ] 2023-10-14 09:31:08.178 [main] SwagLabsPagesTest - Second Product Page url Matched ....
[INFO ] 2023-10-14 09:31:08.485 [main] SwagLabsPagesTest - Product price Matching ....
[INFO ] 2023-10-14 09:31:08.486 [main] SwagLabsPagesTest - Product price Matched....
[INFO ] 2023-10-14 09:31:10.267 [main] SwagLabsPagesTest - Click on AddToCart Button
[INFO ] 2023-10-14 09:31:10.514 [main] SwagLabsPagesTest - Product in cart Matching ....
[INFO ] 2023-10-14 09:31:10.515 [main] SwagLabsPagesTest - Product in cart Matched ....
[INFO ] 2023-10-14 09:31:10.823 [main] SwagLabsPagesTest - click on checkout Button
[INFO ] 2023-10-14 09:31:11.054 [main] SwagLabsPagesTest - Address Page Title Matching
[INFO ] 2023-10-14 09:31:11.054 [main] SwagLabsPagesTest - Address Page Title Matched
[INFO ] 2023-10-14 09:31:11.272 [main] SwagLabsPagesTest - Address Page url Matching
[INFO ] 2023-10-14 09:31:11.273 [main] SwagLabsPagesTest - Address Page url Matched
[INFO ] 2023-10-14 09:31:11.504 [main] SwagLabsPagesTest - Address Page logo Matching
[INFO ] 2023-10-14 09:31:11.504 [main] SwagLabsPagesTest - Address Page logo Matched
[INFO ] 2023-10-14 09:31:11.740 [main] SwagLabsPagesTest - Address Page Header Matching
[INFO ] 2023-10-14 09:31:11.741 [main] SwagLabsPagesTest - Address Page Header Matched
[INFO ] 2023-10-14 09:31:11.926 [main] SwagLabsPagesTest - verified All Footer Links
[INFO ] 2023-10-14 09:31:13.289 [main] SwagLabsPagesTest - Successfullt Sent Address Values
[INFO ] 2023-10-14 09:31:13.570 [main] SwagLabsPagesTest - Payement Page logo Matching
[INFO ] 2023-10-14 09:31:13.570 [main] SwagLabsPagesTest - Payement Page logo Matched
[INFO ] 2023-10-14 09:31:13.836 [main] SwagLabsPagesTest - Payement Page Header Matching
[INFO ] 2023-10-14 09:31:13.837 [main] SwagLabsPagesTest - Payement Page Header Matched
[INFO ] 2023-10-14 09:31:14.070 [main] SwagLabsPagesTest - Verified all Footer Links
[INFO ] 2023-10-14 09:31:14.340 [main] SwagLabsPagesTest - Payement Information Matching
[INFO ] 2023-10-14 09:31:14.340 [main] SwagLabsPagesTest - Payement Information Matched
[INFO ] 2023-10-14 09:31:14.586 [main] SwagLabsPagesTest - Shipping Information Matching
[INFO ] 2023-10-14 09:31:14.587 [main] SwagLabsPagesTest - Shipping Information Matched
[INFO ] 2023-10-14 09:31:15.045 [main] SwagLabsPagesTest - Final product price Matching
[INFO ] 2023-10-14 09:31:15.046 [main] SwagLabsPagesTest - Final product price Matched
[WARN ] 2023-10-14 09:31:15.750 [main] SwagLabsPagesTest - Close Down Executed
[INFO ] 2023-10-14 09:33:40.161 [main] SwagLabsPagesTest - Login Page Title Matching ....
[INFO ] 2023-10-14 09:33:40.174 [main] SwagLabsPagesTest - Login Page Title Matched ....
[INFO ] 2023-10-14 09:33:40.447 [main] SwagLabsPagesTest - Login Page url Matching ....
[INFO ] 2023-10-14 09:33:40.448 [main] SwagLabsPagesTest - Login Page url Matched ....
[INFO ] 2023-10-14 09:33:40.675 [main] SwagLabsPagesTest - Login Page logo Matching ....
[INFO ] 2023-10-14 09:33:40.675 [main] SwagLabsPagesTest - Login Page logo Matched ....
[INFO ] 2023-10-14 09:33:40.937 [main] SwagLabsPagesTest - Verifying all Accepted Username Password
[INFO ] 2023-10-14 09:33:41.717 [main] SwagLabsPagesTest - Login Action Performed Succesfully
[INFO ] 2023-10-14 09:33:42.319 [main] SwagLabsPagesTest - Product Page Title Matching ....
[INFO ] 2023-10-14 09:33:42.319 [main] SwagLabsPagesTest - Product Page Title Matched ....
[INFO ] 2023-10-14 09:33:42.787 [main] SwagLabsPagesTest - Product Page url Matching ....
[INFO ] 2023-10-14 09:33:42.788 [main] SwagLabsPagesTest - Product Page url Matched....
[INFO ] 2023-10-14 09:33:43.358 [main] SwagLabsPagesTest - Product Page logo Matching ....
[INFO ] 2023-10-14 09:33:43.358 [main] SwagLabsPagesTest - Product Page logo Matching ....
[INFO ] 2023-10-14 09:33:43.864 [main] SwagLabsPagesTest - verified all product Filter text
[INFO ] 2023-10-14 09:33:44.285 [main] SwagLabsPagesTest - verified all footer links text
[INFO ] 2023-10-14 09:33:44.775 [main] SwagLabsPagesTest - verified all product links
[INFO ] 2023-10-14 09:33:45.288 [main] SwagLabsPagesTest - Click on Product Link
[INFO ] 2023-10-14 09:33:45.565 [main] SwagLabsPagesTest - Second Product Page title Matching ....
[INFO ] 2023-10-14 09:33:45.565 [main] SwagLabsPagesTest - Second Product Page title Matched ....
[INFO ] 2023-10-14 09:33:45.831 [main] SwagLabsPagesTest - Second Product Page url Matching ....
[INFO ] 2023-10-14 09:33:45.832 [main] SwagLabsPagesTest - Second Product Page url Matched ....
[INFO ] 2023-10-14 09:33:46.098 [main] SwagLabsPagesTest - Product price Matching ....
[INFO ] 2023-10-14 09:33:46.098 [main] SwagLabsPagesTest - Product price Matched....
[INFO ] 2023-10-14 09:33:46.498 [main] SwagLabsPagesTest - Click on AddToCart Button
[INFO ] 2023-10-14 09:33:46.694 [main] SwagLabsPagesTest - Product in cart Matching ....
[INFO ] 2023-10-14 09:33:46.694 [main] SwagLabsPagesTest - Product in cart Matched ....
[INFO ] 2023-10-14 09:33:47.028 [main] SwagLabsPagesTest - click on checkout Button
[INFO ] 2023-10-14 09:33:47.318 [main] SwagLabsPagesTest - Address Page Title Matching
[INFO ] 2023-10-14 09:33:47.318 [main] SwagLabsPagesTest - Address Page Title Matched
[INFO ] 2023-10-14 09:33:47.572 [main] SwagLabsPagesTest - Address Page url Matching
[INFO ] 2023-10-14 09:33:47.573 [main] SwagLabsPagesTest - Address Page url Matched
[INFO ] 2023-10-14 09:33:47.832 [main] SwagLabsPagesTest - Address Page logo Matching
[INFO ] 2023-10-14 09:33:47.833 [main] SwagLabsPagesTest - Address Page logo Matched
[INFO ] 2023-10-14 09:33:48.079 [main] SwagLabsPagesTest - Address Page Header Matching
[INFO ] 2023-10-14 09:33:48.079 [main] SwagLabsPagesTest - Address Page Header Matched
[INFO ] 2023-10-14 09:33:48.328 [main] SwagLabsPagesTest - verified All Footer Links
[INFO ] 2023-10-14 09:33:49.768 [main] SwagLabsPagesTest - Successfullt Sent Address Values
[INFO ] 2023-10-14 09:33:50.062 [main] SwagLabsPagesTest - Payement Page logo Matching
[INFO ] 2023-10-14 09:33:50.062 [main] SwagLabsPagesTest - Payement Page logo Matched
[INFO ] 2023-10-14 09:33:50.351 [main] SwagLabsPagesTest - Payement Page Header Matching
[INFO ] 2023-10-14 09:33:50.352 [main] SwagLabsPagesTest - Payement Page Header Matched
[INFO ] 2023-10-14 09:33:50.586 [main] SwagLabsPagesTest - Verified all Footer Links
[INFO ] 2023-10-14 09:33:50.860 [main] SwagLabsPagesTest - Payement Information Matching
[INFO ] 2023-10-14 09:33:50.860 [main] SwagLabsPagesTest - Payement Information Matched
[INFO ] 2023-10-14 09:33:51.137 [main] SwagLabsPagesTest - Shipping Information Matching
[INFO ] 2023-10-14 09:33:51.138 [main] SwagLabsPagesTest - Shipping Information Matched
[INFO ] 2023-10-14 09:33:51.534 [main] SwagLabsPagesTest - Final product price Matching
[INFO ] 2023-10-14 09:33:51.535 [main] SwagLabsPagesTest - Final product price Matched
[WARN ] 2023-10-14 09:33:52.379 [main] SwagLabsPagesTest - Close Down Executed
[DEBUG] 2023-10-14 09:38:32.272 [main] SwagLabsPagesTest - Debugging.....
[INFO ] 2023-10-14 09:38:32.405 [main] SwagLabsPagesTest - Login Page Title Matching ....
[INFO ] 2023-10-14 09:38:32.411 [main] SwagLabsPagesTest - Login Page Title Matched ....
[INFO ] 2023-10-14 09:38:32.707 [main] SwagLabsPagesTest - Login Page url Matching ....
[INFO ] 2023-10-14 09:38:32.707 [main] SwagLabsPagesTest - Login Page url Matched ....
[INFO ] 2023-10-14 09:38:32.962 [main] SwagLabsPagesTest - Login Page logo Matching ....
[INFO ] 2023-10-14 09:38:32.963 [main] SwagLabsPagesTest - Login Page logo Matched ....
[INFO ] 2023-10-14 09:38:33.201 [main] SwagLabsPagesTest - Verifying all Accepted Username Password
[INFO ] 2023-10-14 09:38:33.860 [main] SwagLabsPagesTest - Login Action Performed Succesfully
[INFO ] 2023-10-14 09:38:34.343 [main] SwagLabsPagesTest - Product Page Title Matching ....
[INFO ] 2023-10-14 09:38:34.343 [main] SwagLabsPagesTest - Product Page Title Matched ....
[INFO ] 2023-10-14 09:38:34.751 [main] SwagLabsPagesTest - Product Page url Matching ....
[INFO ] 2023-10-14 09:38:34.751 [main] SwagLabsPagesTest - Product Page url Matched....
[INFO ] 2023-10-14 09:38:35.174 [main] SwagLabsPagesTest - Product Page logo Matching ....
[INFO ] 2023-10-14 09:38:35.175 [main] SwagLabsPagesTest - Product Page logo Matching ....
[INFO ] 2023-10-14 09:38:35.546 [main] SwagLabsPagesTest - verified all product Filter text
[INFO ] 2023-10-14 09:38:35.918 [main] SwagLabsPagesTest - verified all footer links text
[INFO ] 2023-10-14 09:38:36.306 [main] SwagLabsPagesTest - verified all product links
[INFO ] 2023-10-14 09:38:36.789 [main] SwagLabsPagesTest - Click on Product Link
[INFO ] 2023-10-14 09:38:37.133 [main] SwagLabsPagesTest - Second Product Page title Matching ....
[INFO ] 2023-10-14 09:38:37.133 [main] SwagLabsPagesTest - Second Product Page title Matched ....
[INFO ] 2023-10-14 09:38:37.388 [main] SwagLabsPagesTest - Second Product Page url Matching ....
[INFO ] 2023-10-14 09:38:37.388 [main] SwagLabsPagesTest - Second Product Page url Matched ....
[INFO ] 2023-10-14 09:38:37.669 [main] SwagLabsPagesTest - Product price Matching ....
[INFO ] 2023-10-14 09:38:37.669 [main] SwagLabsPagesTest - Product price Matched....
[INFO ] 2023-10-14 09:38:38.088 [main] SwagLabsPagesTest - Click on AddToCart Button
[INFO ] 2023-10-14 09:38:38.273 [main] SwagLabsPagesTest - Product in cart Matching ....
[INFO ] 2023-10-14 09:38:38.273 [main] SwagLabsPagesTest - Product in cart Matched ....
[INFO ] 2023-10-14 09:38:38.539 [main] SwagLabsPagesTest - click on checkout Button
[INFO ] 2023-10-14 09:38:38.737 [main] SwagLabsPagesTest - Address Page Title Matching
[INFO ] 2023-10-14 09:38:38.737 [main] SwagLabsPagesTest - Address Page Title Matched
[INFO ] 2023-10-14 09:38:38.946 [main] SwagLabsPagesTest - Address Page url Matching
[INFO ] 2023-10-14 09:38:38.946 [main] SwagLabsPagesTest - Address Page url Matched
[INFO ] 2023-10-14 09:38:39.180 [main] SwagLabsPagesTest - Address Page logo Matching
[INFO ] 2023-10-14 09:38:39.181 [main] SwagLabsPagesTest - Address Page logo Matched
[INFO ] 2023-10-14 09:38:39.415 [main] SwagLabsPagesTest - Address Page Header Matching
[INFO ] 2023-10-14 09:38:39.415 [main] SwagLabsPagesTest - Address Page Header Matched
[INFO ] 2023-10-14 09:38:39.655 [main] SwagLabsPagesTest - verified All Footer Links
[INFO ] 2023-10-14 09:38:41.214 [main] SwagLabsPagesTest - Successfullt Sent Address Values
[INFO ] 2023-10-14 09:38:41.496 [main] SwagLabsPagesTest - Payement Page logo Matching
[INFO ] 2023-10-14 09:38:41.496 [main] SwagLabsPagesTest - Payement Page logo Matched
[INFO ] 2023-10-14 09:38:41.752 [main] SwagLabsPagesTest - Payement Page Header Matching
[INFO ] 2023-10-14 09:38:41.752 [main] SwagLabsPagesTest - Payement Page Header Matched
[INFO ] 2023-10-14 09:38:41.987 [main] SwagLabsPagesTest - Verified all Footer Links
[INFO ] 2023-10-14 09:38:42.241 [main] SwagLabsPagesTest - Payement Information Matching
[INFO ] 2023-10-14 09:38:42.243 [main] SwagLabsPagesTest - Payement Information Matched
[INFO ] 2023-10-14 09:38:42.575 [main] SwagLabsPagesTest - Shipping Information Matching
[INFO ] 2023-10-14 09:38:42.576 [main] SwagLabsPagesTest - Shipping Information Matched
[INFO ] 2023-10-14 09:38:43.014 [main] SwagLabsPagesTest - Final product price Matching
[INFO ] 2023-10-14 09:38:43.016 [main] SwagLabsPagesTest - Final product price Matched
[WARN ] 2023-10-14 09:38:43.769 [main] SwagLabsPagesTest - Close Down Executed
[DEBUG] 2023-10-14 10:18:56.288 [main] SwagLabsPagesTest - Debugging.....
[INFO ] 2023-10-14 10:18:56.439 [main] SwagLabsPagesTest - Login Page Title Matching ....
[INFO ] 2023-10-14 10:18:56.445 [main] SwagLabsPagesTest - Login Page Title Matched ....
[INFO ] 2023-10-14 10:18:56.713 [main] SwagLabsPagesTest - Login Page url Matching ....
[INFO ] 2023-10-14 10:18:56.713 [main] SwagLabsPagesTest - Login Page url Matched ....
[INFO ] 2023-10-14 10:18:56.942 [main] SwagLabsPagesTest - Login Page logo Matching ....
[INFO ] 2023-10-14 10:18:56.942 [main] SwagLabsPagesTest - Login Page logo Matched ....
[INFO ] 2023-10-14 10:18:57.190 [main] SwagLabsPagesTest - Verifying all Accepted Username Password
[INFO ] 2023-10-14 10:18:58.017 [main] SwagLabsPagesTest - Login Action Performed Succesfully
[INFO ] 2023-10-14 10:18:58.522 [main] SwagLabsPagesTest - Product Page Title Matching ....
[INFO ] 2023-10-14 10:18:58.522 [main] SwagLabsPagesTest - Product Page Title Matched ....
[INFO ] 2023-10-14 10:18:58.906 [main] SwagLabsPagesTest - Product Page url Matching ....
[INFO ] 2023-10-14 10:18:58.907 [main] SwagLabsPagesTest - Product Page url Matched....
[INFO ] 2023-10-14 10:18:59.323 [main] SwagLabsPagesTest - Product Page logo Matching ....
[INFO ] 2023-10-14 10:18:59.323 [main] SwagLabsPagesTest - Product Page logo Matching ....
[INFO ] 2023-10-14 10:18:59.698 [main] SwagLabsPagesTest - verified all product Filter text
[INFO ] 2023-10-14 10:19:00.079 [main] SwagLabsPagesTest - verified all footer links text
[INFO ] 2023-10-14 10:19:00.488 [main] SwagLabsPagesTest - verified all product links
[INFO ] 2023-10-14 10:19:01.030 [main] SwagLabsPagesTest - Click on Product Link
[INFO ] 2023-10-14 10:19:01.370 [main] SwagLabsPagesTest - Second Product Page title Matching ....
[INFO ] 2023-10-14 10:19:01.373 [main] SwagLabsPagesTest - Second Product Page title Matched ....
[INFO ] 2023-10-14 10:19:01.653 [main] SwagLabsPagesTest - Second Product Page url Matching ....
[INFO ] 2023-10-14 10:19:01.654 [main] SwagLabsPagesTest - Second Product Page url Matched ....
[INFO ] 2023-10-14 10:19:01.908 [main] SwagLabsPagesTest - Product price Matching ....
[INFO ] 2023-10-14 10:19:01.908 [main] SwagLabsPagesTest - Product price Matched....
[INFO ] 2023-10-14 10:19:02.327 [main] SwagLabsPagesTest - Click on AddToCart Button
[INFO ] 2023-10-14 10:19:02.575 [main] SwagLabsPagesTest - Product in cart Matching ....
[INFO ] 2023-10-14 10:19:02.575 [main] SwagLabsPagesTest - Product in cart Matched ....
[INFO ] 2023-10-14 10:19:02.818 [main] SwagLabsPagesTest - click on checkout Button
[INFO ] 2023-10-14 10:19:03.055 [main] SwagLabsPagesTest - Address Page Title Matching
[INFO ] 2023-10-14 10:19:03.055 [main] SwagLabsPagesTest - Address Page Title Matched
[INFO ] 2023-10-14 10:19:03.281 [main] SwagLabsPagesTest - Address Page url Matching
[INFO ] 2023-10-14 10:19:03.281 [main] SwagLabsPagesTest - Address Page url Matched
[INFO ] 2023-10-14 10:19:03.545 [main] SwagLabsPagesTest - Address Page logo Matching
[INFO ] 2023-10-14 10:19:03.546 [main] SwagLabsPagesTest - Address Page logo Matched
[INFO ] 2023-10-14 10:19:03.788 [main] SwagLabsPagesTest - Address Page Header Matching
[INFO ] 2023-10-14 10:19:03.788 [main] SwagLabsPagesTest - Address Page Header Matched
[INFO ] 2023-10-14 10:19:03.995 [main] SwagLabsPagesTest - verified All Footer Links
[INFO ] 2023-10-14 10:19:05.409 [main] SwagLabsPagesTest - Successfullt Sent Address Values
[INFO ] 2023-10-14 10:19:05.761 [main] SwagLabsPagesTest - Payement Page logo Matching
[INFO ] 2023-10-14 10:19:05.761 [main] SwagLabsPagesTest - Payement Page logo Matched
[INFO ] 2023-10-14 10:19:06.033 [main] SwagLabsPagesTest - Payement Page Header Matching
[INFO ] 2023-10-14 10:19:06.033 [main] SwagLabsPagesTest - Payement Page Header Matched
[INFO ] 2023-10-14 10:19:06.282 [main] SwagLabsPagesTest - Verified all Footer Links
[INFO ] 2023-10-14 10:19:06.548 [main] SwagLabsPagesTest - Payement Information Matching
[INFO ] 2023-10-14 10:19:06.549 [main] SwagLabsPagesTest - Payement Information Matched
[INFO ] 2023-10-14 10:19:06.826 [main] SwagLabsPagesTest - Shipping Information Matching
[INFO ] 2023-10-14 10:19:06.826 [main] SwagLabsPagesTest - Shipping Information Matched
[INFO ] 2023-10-14 10:19:07.181 [main] SwagLabsPagesTest - Final product price Matching
[INFO ] 2023-10-14 10:19:07.181 [main] SwagLabsPagesTest - Final product price Matched
[INFO ] 2023-10-14 10:19:07.431 [main] SwagLabsPagesTest - ConfirmOrder Page Title Matching
[INFO ] 2023-10-14 10:19:07.431 [main] SwagLabsPagesTest - ConfirmOrder Page Title Matched
[INFO ] 2023-10-14 10:19:07.862 [main] SwagLabsPagesTest - ConfirmOrder Page logo Matching
[INFO ] 2023-10-14 10:19:07.862 [main] SwagLabsPagesTest - ConfirmOrder Page logo Matched
[INFO ] 2023-10-14 10:19:08.064 [main] SwagLabsPagesTest - ConfirmOrder Page Header Matching
[INFO ] 2023-10-14 10:19:08.064 [main] SwagLabsPagesTest - ConfirmOrder Page Headers Matched
[INFO ] 2023-10-14 10:19:08.280 [main] SwagLabsPagesTest - Verified all Footer Links
[INFO ] 2023-10-14 10:19:08.522 [main] SwagLabsPagesTest - ConfirmOrder Page message Matching
[INFO ] 2023-10-14 10:19:08.522 [main] SwagLabsPagesTest - ConfirmOrder Page message Matched
[INFO ] 2023-10-14 10:19:08.732 [main] SwagLabsPagesTest - ConfirmOrder Page Deliverymessage Matching
[INFO ] 2023-10-14 10:19:08.733 [main] SwagLabsPagesTest - ConfirmOrder Page Deliverymessage Matched
[WARN ] 2023-10-14 10:19:09.442 [main] SwagLabsPagesTest - Close Down Executed
[DEBUG] 2023-10-14 10:23:01.158 [main] SwagLabsPagesTest - Debugging.....
[INFO ] 2023-10-14 10:23:01.271 [main] SwagLabsPagesTest - Login Page Title Matching ....
[INFO ] 2023-10-14 10:23:01.278 [main] SwagLabsPagesTest - Login Page Title Matched ....
[INFO ] 2023-10-14 10:23:01.536 [main] SwagLabsPagesTest - Login Page url Matching ....
[INFO ] 2023-10-14 10:23:01.537 [main] SwagLabsPagesTest - Login Page url Matched ....
[INFO ] 2023-10-14 10:23:01.794 [main] SwagLabsPagesTest - Login Page logo Matching ....
[INFO ] 2023-10-14 10:23:01.794 [main] SwagLabsPagesTest - Login Page logo Matched ....
[INFO ] 2023-10-14 10:23:02.066 [main] SwagLabsPagesTest - Verifying all Accepted Username Password
[INFO ] 2023-10-14 10:23:02.722 [main] SwagLabsPagesTest - Login Action Performed Succesfully
[INFO ] 2023-10-14 10:23:03.260 [main] SwagLabsPagesTest - Product Page Title Matching ....
[INFO ] 2023-10-14 10:23:03.260 [main] SwagLabsPagesTest - Product Page Title Matched ....
[INFO ] 2023-10-14 10:23:03.649 [main] SwagLabsPagesTest - Product Page url Matching ....
[INFO ] 2023-10-14 10:23:03.650 [main] SwagLabsPagesTest - Product Page url Matched....
[INFO ] 2023-10-14 10:23:04.113 [main] SwagLabsPagesTest - Product Page logo Matching ....
[INFO ] 2023-10-14 10:23:04.114 [main] SwagLabsPagesTest - Product Page logo Matching ....
[INFO ] 2023-10-14 10:23:04.543 [main] SwagLabsPagesTest - verified all product Filter text
[INFO ] 2023-10-14 10:23:05.004 [main] SwagLabsPagesTest - verified all footer links text
[INFO ] 2023-10-14 10:23:05.419 [main] SwagLabsPagesTest - verified all product links
[INFO ] 2023-10-14 10:23:05.902 [main] SwagLabsPagesTest - Click on Product Link
[INFO ] 2023-10-14 10:23:06.215 [main] SwagLabsPagesTest - Second Product Page title Matching ....
[INFO ] 2023-10-14 10:23:06.215 [main] SwagLabsPagesTest - Second Product Page title Matched ....
[INFO ] 2023-10-14 10:23:06.469 [main] SwagLabsPagesTest - Second Product Page url Matching ....
[INFO ] 2023-10-14 10:23:06.471 [main] SwagLabsPagesTest - Second Product Page url Matched ....
[INFO ] 2023-10-14 10:23:06.758 [main] SwagLabsPagesTest - Product price Matching ....
[INFO ] 2023-10-14 10:23:06.759 [main] SwagLabsPagesTest - Product price Matched....
[INFO ] 2023-10-14 10:23:07.175 [main] SwagLabsPagesTest - Click on AddToCart Button
[INFO ] 2023-10-14 10:23:07.377 [main] SwagLabsPagesTest - Product in cart Matching ....
[INFO ] 2023-10-14 10:23:07.378 [main] SwagLabsPagesTest - Product in cart Matched ....
[INFO ] 2023-10-14 10:23:07.677 [main] SwagLabsPagesTest - click on checkout Button
[INFO ] 2023-10-14 10:23:07.911 [main] SwagLabsPagesTest - Address Page Title Matching
[INFO ] 2023-10-14 10:23:07.911 [main] SwagLabsPagesTest - Address Page Title Matched
[INFO ] 2023-10-14 10:23:08.147 [main] SwagLabsPagesTest - Address Page url Matching
[INFO ] 2023-10-14 10:23:08.149 [main] SwagLabsPagesTest - Address Page url Matched
[INFO ] 2023-10-14 10:23:08.404 [main] SwagLabsPagesTest - Address Page logo Matching
[INFO ] 2023-10-14 10:23:08.405 [main] SwagLabsPagesTest - Address Page logo Matched
[INFO ] 2023-10-14 10:23:08.634 [main] SwagLabsPagesTest - Address Page Header Matching
[INFO ] 2023-10-14 10:23:08.634 [main] SwagLabsPagesTest - Address Page Header Matched
[INFO ] 2023-10-14 10:23:08.846 [main] SwagLabsPagesTest - verified All Footer Links
[INFO ] 2023-10-14 10:23:10.295 [main] SwagLabsPagesTest - Successfullt Sent Address Values
[INFO ] 2023-10-14 10:23:10.568 [main] SwagLabsPagesTest - Payement Page logo Matching
[INFO ] 2023-10-14 10:23:10.569 [main] SwagLabsPagesTest - Payement Page logo Matched
[INFO ] 2023-10-14 10:23:10.842 [main] SwagLabsPagesTest - Payement Page Header Matching
[INFO ] 2023-10-14 10:23:10.843 [main] SwagLabsPagesTest - Payement Page Header Matched
[INFO ] 2023-10-14 10:23:11.101 [main] SwagLabsPagesTest - Verified all Footer Links
[INFO ] 2023-10-14 10:23:11.394 [main] SwagLabsPagesTest - Payement Information Matching
[INFO ] 2023-10-14 10:23:11.395 [main] SwagLabsPagesTest - Payement Information Matched
[INFO ] 2023-10-14 10:23:11.627 [main] SwagLabsPagesTest - Shipping Information Matching
[INFO ] 2023-10-14 10:23:11.627 [main] SwagLabsPagesTest - Shipping Information Matched
[INFO ] 2023-10-14 10:23:11.981 [main] SwagLabsPagesTest - Final product price Matching
[INFO ] 2023-10-14 10:23:11.983 [main] SwagLabsPagesTest - Final product price Matched
[INFO ] 2023-10-14 10:23:12.220 [main] SwagLabsPagesTest - ConfirmOrder Page Title Matching
[INFO ] 2023-10-14 10:23:12.221 [main] SwagLabsPagesTest - ConfirmOrder Page Title Matched
[INFO ] 2023-10-14 10:23:12.415 [main] SwagLabsPagesTest - ConfirmOrder Page url Matching
[INFO ] 2023-10-14 10:23:12.667 [main] SwagLabsPagesTest - ConfirmOrder Page logo Matching
[INFO ] 2023-10-14 10:23:12.667 [main] SwagLabsPagesTest - ConfirmOrder Page logo Matched
[INFO ] 2023-10-14 10:23:12.862 [main] SwagLabsPagesTest - ConfirmOrder Page Header Matching
[INFO ] 2023-10-14 10:23:12.863 [main] SwagLabsPagesTest - ConfirmOrder Page Headers Matched
[INFO ] 2023-10-14 10:23:13.070 [main] SwagLabsPagesTest - Verified all Footer Links
[INFO ] 2023-10-14 10:23:13.295 [main] SwagLabsPagesTest - ConfirmOrder Page message Matching
[INFO ] 2023-10-14 10:23:13.296 [main] SwagLabsPagesTest - ConfirmOrder Page message Matched
[INFO ] 2023-10-14 10:23:13.518 [main] SwagLabsPagesTest - ConfirmOrder Page Deliverymessage Matching
[INFO ] 2023-10-14 10:23:13.518 [main] SwagLabsPagesTest - ConfirmOrder Page Deliverymessage Matched
[WARN ] 2023-10-14 10:23:14.091 [main] SwagLabsPagesTest - Close Down Executed
[DEBUG] 2023-10-14 10:24:31.547 [main] SwagLabsPagesTest - Debugging.....
[INFO ] 2023-10-14 10:24:31.649 [main] SwagLabsPagesTest - Login Page Title Matching ....
[INFO ] 2023-10-14 10:24:31.652 [main] SwagLabsPagesTest - Login Page Title Matched ....
[INFO ] 2023-10-14 10:24:31.923 [main] SwagLabsPagesTest - Login Page url Matching ....
[INFO ] 2023-10-14 10:24:31.923 [main] SwagLabsPagesTest - Login Page url Matched ....
[INFO ] 2023-10-14 10:24:32.166 [main] SwagLabsPagesTest - Login Page logo Matching ....
[INFO ] 2023-10-14 10:24:32.167 [main] SwagLabsPagesTest - Login Page logo Matched ....
[INFO ] 2023-10-14 10:24:32.376 [main] SwagLabsPagesTest - Verifying all Accepted Username Password
[INFO ] 2023-10-14 10:24:33.126 [main] SwagLabsPagesTest - Login Action Performed Succesfully
[INFO ] 2023-10-14 10:24:33.667 [main] SwagLabsPagesTest - Product Page Title Matching ....
[INFO ] 2023-10-14 10:24:33.667 [main] SwagLabsPagesTest - Product Page Title Matched ....
[INFO ] 2023-10-14 10:24:34.053 [main] SwagLabsPagesTest - Product Page url Matching ....
[INFO ] 2023-10-14 10:24:34.053 [main] SwagLabsPagesTest - Product Page url Matched....
[INFO ] 2023-10-14 10:24:34.466 [main] SwagLabsPagesTest - Product Page logo Matching ....
[INFO ] 2023-10-14 10:24:34.466 [main] SwagLabsPagesTest - Product Page logo Matching ....
[INFO ] 2023-10-14 10:24:34.881 [main] SwagLabsPagesTest - verified all product Filter text
[INFO ] 2023-10-14 10:24:35.266 [main] SwagLabsPagesTest - verified all footer links text
[INFO ] 2023-10-14 10:24:35.669 [main] SwagLabsPagesTest - verified all product links
[INFO ] 2023-10-14 10:24:36.193 [main] SwagLabsPagesTest - Click on Product Link
[INFO ] 2023-10-14 10:24:36.500 [main] SwagLabsPagesTest - Second Product Page title Matching ....
[INFO ] 2023-10-14 10:24:36.501 [main] SwagLabsPagesTest - Second Product Page title Matched ....
[INFO ] 2023-10-14 10:24:36.778 [main] SwagLabsPagesTest - Second Product Page url Matching ....
[INFO ] 2023-10-14 10:24:36.778 [main] SwagLabsPagesTest - Second Product Page url Matched ....
[INFO ] 2023-10-14 10:24:37.082 [main] SwagLabsPagesTest - Product price Matching ....
[INFO ] 2023-10-14 10:24:37.082 [main] SwagLabsPagesTest - Product price Matched....
[INFO ] 2023-10-14 10:24:37.527 [main] SwagLabsPagesTest - Click on AddToCart Button
[INFO ] 2023-10-14 10:24:37.790 [main] SwagLabsPagesTest - Product in cart Matching ....
[INFO ] 2023-10-14 10:24:37.790 [main] SwagLabsPagesTest - Product in cart Matched ....
[INFO ] 2023-10-14 10:24:38.082 [main] SwagLabsPagesTest - click on checkout Button
[INFO ] 2023-10-14 10:24:38.321 [main] SwagLabsPagesTest - Address Page Title Matching
[INFO ] 2023-10-14 10:24:38.322 [main] SwagLabsPagesTest - Address Page Title Matched
[INFO ] 2023-10-14 10:24:38.543 [main] SwagLabsPagesTest - Address Page url Matching
[INFO ] 2023-10-14 10:24:38.543 [main] SwagLabsPagesTest - Address Page url Matched
[INFO ] 2023-10-14 10:24:38.812 [main] SwagLabsPagesTest - Address Page logo Matching
[INFO ] 2023-10-14 10:24:38.813 [main] SwagLabsPagesTest - Address Page logo Matched
[INFO ] 2023-10-14 10:24:39.049 [main] SwagLabsPagesTest - Address Page Header Matching
[INFO ] 2023-10-14 10:24:39.050 [main] SwagLabsPagesTest - Address Page Header Matched
[INFO ] 2023-10-14 10:24:39.288 [main] SwagLabsPagesTest - verified All Footer Links
[INFO ] 2023-10-14 10:24:40.698 [main] SwagLabsPagesTest - Successfullt Sent Address Values
[INFO ] 2023-10-14 10:24:40.970 [main] SwagLabsPagesTest - Payement Page logo Matching
[INFO ] 2023-10-14 10:24:40.971 [main] SwagLabsPagesTest - Payement Page logo Matched
[INFO ] 2023-10-14 10:24:41.228 [main] SwagLabsPagesTest - Payement Page Header Matching
[INFO ] 2023-10-14 10:24:41.228 [main] SwagLabsPagesTest - Payement Page Header Matched
[INFO ] 2023-10-14 10:24:41.471 [main] SwagLabsPagesTest - Verified all Footer Links
[INFO ] 2023-10-14 10:24:41.743 [main] SwagLabsPagesTest - Payement Information Matching
[INFO ] 2023-10-14 10:24:41.744 [main] SwagLabsPagesTest - Payement Information Matched
[INFO ] 2023-10-14 10:24:41.993 [main] SwagLabsPagesTest - Shipping Information Matching
[INFO ] 2023-10-14 10:24:41.995 [main] SwagLabsPagesTest - Shipping Information Matched
[INFO ] 2023-10-14 10:24:42.344 [main] SwagLabsPagesTest - Final product price Matching
[INFO ] 2023-10-14 10:24:42.345 [main] SwagLabsPagesTest - Final product price Matched
[INFO ] 2023-10-14 10:24:42.572 [main] SwagLabsPagesTest - ConfirmOrder Page Title Matching
[INFO ] 2023-10-14 10:24:42.572 [main] SwagLabsPagesTest - ConfirmOrder Page Title Matched
[INFO ] 2023-10-14 10:24:42.780 [main] SwagLabsPagesTest - ConfirmOrder Page url Matching
[INFO ] 2023-10-14 10:24:43.013 [main] SwagLabsPagesTest - ConfirmOrder Page logo Matching
[INFO ] 2023-10-14 10:24:43.013 [main] SwagLabsPagesTest - ConfirmOrder Page logo Matched
[INFO ] 2023-10-14 10:24:43.211 [main] SwagLabsPagesTest - ConfirmOrder Page Header Matching
[INFO ] 2023-10-14 10:24:43.212 [main] SwagLabsPagesTest - ConfirmOrder Page Headers Matched
[INFO ] 2023-10-14 10:24:43.433 [main] SwagLabsPagesTest - Verified all Footer Links
[INFO ] 2023-10-14 10:24:43.670 [main] SwagLabsPagesTest - ConfirmOrder Page message Matching
[INFO ] 2023-10-14 10:24:43.670 [main] SwagLabsPagesTest - ConfirmOrder Page message Matched
[INFO ] 2023-10-14 10:24:43.892 [main] SwagLabsPagesTest - ConfirmOrder Page Deliverymessage Matching
[INFO ] 2023-10-14 10:24:43.892 [main] SwagLabsPagesTest - ConfirmOrder Page Deliverymessage Matched
[WARN ] 2023-10-14 10:24:44.505 [main] SwagLabsPagesTest - Close Down Executed
[DEBUG] 2023-10-14 10:25:42.167 [main] SwagLabsPagesTest - Debugging.....
[INFO ] 2023-10-14 10:25:42.262 [main] SwagLabsPagesTest - Login Page Title Matching ....
[INFO ] 2023-10-14 10:25:42.266 [main] SwagLabsPagesTest - Login Page Title Matched ....
[INFO ] 2023-10-14 10:25:42.515 [main] SwagLabsPagesTest - Login Page url Matching ....
[INFO ] 2023-10-14 10:25:42.515 [main] SwagLabsPagesTest - Login Page url Matched ....
[INFO ] 2023-10-14 10:25:42.741 [main] SwagLabsPagesTest - Login Page logo Matching ....
[INFO ] 2023-10-14 10:25:42.741 [main] SwagLabsPagesTest - Login Page logo Matched ....
[INFO ] 2023-10-14 10:25:42.988 [main] SwagLabsPagesTest - Verifying all Accepted Username Password
[INFO ] 2023-10-14 10:25:43.662 [main] SwagLabsPagesTest - Login Action Performed Succesfully
[INFO ] 2023-10-14 10:25:44.162 [main] SwagLabsPagesTest - Product Page Title Matching ....
[INFO ] 2023-10-14 10:25:44.162 [main] SwagLabsPagesTest - Product Page Title Matched ....
[INFO ] 2023-10-14 10:25:44.525 [main] SwagLabsPagesTest - Product Page url Matching ....
[INFO ] 2023-10-14 10:25:44.526 [main] SwagLabsPagesTest - Product Page url Matched....
[INFO ] 2023-10-14 10:25:44.963 [main] SwagLabsPagesTest - Product Page logo Matching ....
[INFO ] 2023-10-14 10:25:44.963 [main] SwagLabsPagesTest - Product Page logo Matching ....
[INFO ] 2023-10-14 10:25:45.333 [main] SwagLabsPagesTest - verified all product Filter text
[INFO ] 2023-10-14 10:25:45.723 [main] SwagLabsPagesTest - verified all footer links text
[INFO ] 2023-10-14 10:25:46.112 [main] SwagLabsPagesTest - verified all product links
[INFO ] 2023-10-14 10:25:46.609 [main] SwagLabsPagesTest - Click on Product Link
[INFO ] 2023-10-14 10:25:46.972 [main] SwagLabsPagesTest - Second Product Page title Matching ....
[INFO ] 2023-10-14 10:25:46.972 [main] SwagLabsPagesTest - Second Product Page title Matched ....
[INFO ] 2023-10-14 10:25:47.248 [main] SwagLabsPagesTest - Second Product Page url Matching ....
[INFO ] 2023-10-14 10:25:47.250 [main] SwagLabsPagesTest - Second Product Page url Matched ....
[INFO ] 2023-10-14 10:25:47.525 [main] SwagLabsPagesTest - Product price Matching ....
[INFO ] 2023-10-14 10:25:47.525 [main] SwagLabsPagesTest - Product price Matched....
[INFO ] 2023-10-14 10:25:47.964 [main] SwagLabsPagesTest - Click on AddToCart Button
[INFO ] 2023-10-14 10:25:48.148 [main] SwagLabsPagesTest - Product in cart Matching ....
[INFO ] 2023-10-14 10:25:48.148 [main] SwagLabsPagesTest - Product in cart Matched ....
[INFO ] 2023-10-14 10:25:48.434 [main] SwagLabsPagesTest - click on checkout Button
[INFO ] 2023-10-14 10:25:48.668 [main] SwagLabsPagesTest - Address Page Title Matching
[INFO ] 2023-10-14 10:25:48.668 [main] SwagLabsPagesTest - Address Page Title Matched
[INFO ] 2023-10-14 10:25:48.905 [main] SwagLabsPagesTest - Address Page url Matching
[INFO ] 2023-10-14 10:25:48.907 [main] SwagLabsPagesTest - Address Page url Matched
[INFO ] 2023-10-14 10:25:49.155 [main] SwagLabsPagesTest - Address Page logo Matching
[INFO ] 2023-10-14 10:25:49.156 [main] SwagLabsPagesTest - Address Page logo Matched
[INFO ] 2023-10-14 10:25:49.402 [main] SwagLabsPagesTest - Address Page Header Matching
[INFO ] 2023-10-14 10:25:49.402 [main] SwagLabsPagesTest - Address Page Header Matched
[INFO ] 2023-10-14 10:25:49.623 [main] SwagLabsPagesTest - verified All Footer Links
[INFO ] 2023-10-14 10:25:51.568 [main] SwagLabsPagesTest - Successfullt Sent Address Values
[INFO ] 2023-10-14 10:25:51.873 [main] SwagLabsPagesTest - Payement Page logo Matching
[INFO ] 2023-10-14 10:25:51.875 [main] SwagLabsPagesTest - Payement Page logo Matched
[INFO ] 2023-10-14 10:25:52.144 [main] SwagLabsPagesTest - Payement Page Header Matching
[INFO ] 2023-10-14 10:25:52.145 [main] SwagLabsPagesTest - Payement Page Header Matched
[INFO ] 2023-10-14 10:25:52.402 [main] SwagLabsPagesTest - Verified all Footer Links
[INFO ] 2023-10-14 10:25:52.666 [main] SwagLabsPagesTest - Payement Information Matching
[INFO ] 2023-10-14 10:25:52.666 [main] SwagLabsPagesTest - Payement Information Matched
[INFO ] 2023-10-14 10:25:52.939 [main] SwagLabsPagesTest - Shipping Information Matching
[INFO ] 2023-10-14 10:25:52.939 [main] SwagLabsPagesTest - Shipping Information Matched
[INFO ] 2023-10-14 10:25:53.383 [main] SwagLabsPagesTest - Final product price Matching
[INFO ] 2023-10-14 10:25:53.383 [main] SwagLabsPagesTest - Final product price Matched
[INFO ] 2023-10-14 10:25:53.615 [main] SwagLabsPagesTest - ConfirmOrder Page Title Matching
[INFO ] 2023-10-14 10:25:53.616 [main] SwagLabsPagesTest - ConfirmOrder Page Title Matched
[INFO ] 2023-10-14 10:25:53.828 [main] SwagLabsPagesTest - ConfirmOrder Page url Matching
[INFO ] 2023-10-14 10:25:53.828 [main] SwagLabsPagesTest - ConfirmOrder Page url Matched
[INFO ] 2023-10-14 10:25:54.032 [main] SwagLabsPagesTest - ConfirmOrder Page logo Matching
[INFO ] 2023-10-14 10:25:54.032 [main] SwagLabsPagesTest - ConfirmOrder Page logo Matched
[INFO ] 2023-10-14 10:25:54.258 [main] SwagLabsPagesTest - ConfirmOrder Page Header Matching
[INFO ] 2023-10-14 10:25:54.258 [main] SwagLabsPagesTest - ConfirmOrder Page Headers Matched
[INFO ] 2023-10-14 10:25:54.453 [main] SwagLabsPagesTest - Verified all Footer Links
[INFO ] 2023-10-14 10:25:54.675 [main] SwagLabsPagesTest - ConfirmOrder Page message Matching
[INFO ] 2023-10-14 10:25:54.675 [main] SwagLabsPagesTest - ConfirmOrder Page message Matched
[INFO ] 2023-10-14 10:25:54.928 [main] SwagLabsPagesTest - ConfirmOrder Page Deliverymessage Matching
[INFO ] 2023-10-14 10:25:54.929 [main] SwagLabsPagesTest - ConfirmOrder Page Deliverymessage Matched
[WARN ] 2023-10-14 10:25:55.563 [main] SwagLabsPagesTest - Close Down Executed
[DEBUG] 2023-10-14 10:27:02.561 [main] SwagLabsPagesTest - Debugging.....
[INFO ] 2023-10-14 10:27:02.662 [main] SwagLabsPagesTest - Login Page Title Matching ....
[INFO ] 2023-10-14 10:27:02.666 [main] SwagLabsPagesTest - Login Page Title Matched ....
[INFO ] 2023-10-14 10:27:02.914 [main] SwagLabsPagesTest - Login Page url Matching ....
[INFO ] 2023-10-14 10:27:02.915 [main] SwagLabsPagesTest - Login Page url Matched ....
[INFO ] 2023-10-14 10:27:03.110 [main] SwagLabsPagesTest - Login Page logo Matching ....
[INFO ] 2023-10-14 10:27:03.110 [main] SwagLabsPagesTest - Login Page logo Matched ....
[INFO ] 2023-10-14 10:27:03.369 [main] SwagLabsPagesTest - Verifying all Accepted Username Password
[INFO ] 2023-10-14 10:27:04.046 [main] SwagLabsPagesTest - Login Action Performed Succesfully
[INFO ] 2023-10-14 10:27:04.670 [main] SwagLabsPagesTest - Product Page Title Matching ....
[INFO ] 2023-10-14 10:27:04.670 [main] SwagLabsPagesTest - Product Page Title Matched ....
[INFO ] 2023-10-14 10:27:05.080 [main] SwagLabsPagesTest - Product Page url Matching ....
[INFO ] 2023-10-14 10:27:05.085 [main] SwagLabsPagesTest - Product Page url Matched....
[INFO ] 2023-10-14 10:27:05.508 [main] SwagLabsPagesTest - Product Page logo Matching ....
[INFO ] 2023-10-14 10:27:05.509 [main] SwagLabsPagesTest - Product Page logo Matching ....
[INFO ] 2023-10-14 10:27:05.917 [main] SwagLabsPagesTest - verified all product Filter text
[INFO ] 2023-10-14 10:27:06.313 [main] SwagLabsPagesTest - verified all footer links text
[INFO ] 2023-10-14 10:27:06.740 [main] SwagLabsPagesTest - verified all product links
[INFO ] 2023-10-14 10:27:07.264 [main] SwagLabsPagesTest - Click on Product Link
[INFO ] 2023-10-14 10:27:07.564 [main] SwagLabsPagesTest - Second Product Page title Matching ....
[INFO ] 2023-10-14 10:27:07.566 [main] SwagLabsPagesTest - Second Product Page title Matched ....
[INFO ] 2023-10-14 10:27:07.838 [main] SwagLabsPagesTest - Second Product Page url Matching ....
[INFO ] 2023-10-14 10:27:07.841 [main] SwagLabsPagesTest - Second Product Page url Matched ....
[INFO ] 2023-10-14 10:27:08.156 [main] SwagLabsPagesTest - Product price Matching ....
[INFO ] 2023-10-14 10:27:08.157 [main] SwagLabsPagesTest - Product price Matched....
[INFO ] 2023-10-14 10:27:08.574 [main] SwagLabsPagesTest - Click on AddToCart Button
[INFO ] 2023-10-14 10:27:08.784 [main] SwagLabsPagesTest - Product in cart Matching ....
[INFO ] 2023-10-14 10:27:08.785 [main] SwagLabsPagesTest - Product in cart Matched ....
[INFO ] 2023-10-14 10:27:09.075 [main] SwagLabsPagesTest - click on checkout Button
[INFO ] 2023-10-14 10:27:09.333 [main] SwagLabsPagesTest - Address Page Title Matching
[INFO ] 2023-10-14 10:27:09.333 [main] SwagLabsPagesTest - Address Page Title Matched
[INFO ] 2023-10-14 10:27:09.569 [main] SwagLabsPagesTest - Address Page url Matching
[INFO ] 2023-10-14 10:27:09.570 [main] SwagLabsPagesTest - Address Page url Matched
[INFO ] 2023-10-14 10:27:09.814 [main] SwagLabsPagesTest - Address Page logo Matching
[INFO ] 2023-10-14 10:27:09.814 [main] SwagLabsPagesTest - Address Page logo Matched
[INFO ] 2023-10-14 10:27:10.052 [main] SwagLabsPagesTest - Address Page Header Matching
[INFO ] 2023-10-14 10:27:10.053 [main] SwagLabsPagesTest - Address Page Header Matched
[INFO ] 2023-10-14 10:27:10.289 [main] SwagLabsPagesTest - verified All Footer Links
[INFO ] 2023-10-14 10:27:11.896 [main] SwagLabsPagesTest - Successfullt Sent Address Values
[INFO ] 2023-10-14 10:27:12.270 [main] SwagLabsPagesTest - Payement Page logo Matching
[INFO ] 2023-10-14 10:27:12.272 [main] SwagLabsPagesTest - Payement Page logo Matched
[INFO ] 2023-10-14 10:27:12.582 [main] SwagLabsPagesTest - Payement Page Header Matching
[INFO ] 2023-10-14 10:27:12.583 [main] SwagLabsPagesTest - Payement Page Header Matched
[INFO ] 2023-10-14 10:27:12.828 [main] SwagLabsPagesTest - Verified all Footer Links
[INFO ] 2023-10-14 10:27:13.099 [main] SwagLabsPagesTest - Payement Information Matching
[INFO ] 2023-10-14 10:27:13.100 [main] SwagLabsPagesTest - Payement Information Matched
[INFO ] 2023-10-14 10:27:13.361 [main] SwagLabsPagesTest - Shipping Information Matching
[INFO ] 2023-10-14 10:27:13.361 [main] SwagLabsPagesTest - Shipping Information Matched
[INFO ] 2023-10-14 10:27:13.743 [main] SwagLabsPagesTest - Final product price Matching
[INFO ] 2023-10-14 10:27:13.744 [main] SwagLabsPagesTest - Final product price Matched
[INFO ] 2023-10-14 10:27:13.960 [main] SwagLabsPagesTest - ConfirmOrder Page Title Matching
[INFO ] 2023-10-14 10:27:13.960 [main] SwagLabsPagesTest - ConfirmOrder Page Title Matched
[INFO ] 2023-10-14 10:27:14.162 [main] SwagLabsPagesTest - ConfirmOrder Page url Matching
[INFO ] 2023-10-14 10:27:14.163 [main] SwagLabsPagesTest - ConfirmOrder Page url Matched
[INFO ] 2023-10-14 10:27:14.380 [main] SwagLabsPagesTest - ConfirmOrder Page logo Matching
[INFO ] 2023-10-14 10:27:14.380 [main] SwagLabsPagesTest - ConfirmOrder Page logo Matched
[INFO ] 2023-10-14 10:27:14.595 [main] SwagLabsPagesTest - ConfirmOrder Page Header Matching
[INFO ] 2023-10-14 10:27:14.596 [main] SwagLabsPagesTest - ConfirmOrder Page Headers Matched
[INFO ] 2023-10-14 10:27:14.773 [main] SwagLabsPagesTest - Verified all Footer Links
[INFO ] 2023-10-14 10:27:15.010 [main] SwagLabsPagesTest - ConfirmOrder Page message Matching
[INFO ] 2023-10-14 10:27:15.011 [main] SwagLabsPagesTest - ConfirmOrder Page message Matched
[INFO ] 2023-10-14 10:27:15.248 [main] SwagLabsPagesTest - ConfirmOrder Page Deliverymessage Matching
[INFO ] 2023-10-14 10:27:15.249 [main] SwagLabsPagesTest - ConfirmOrder Page Deliverymessage Matched
[WARN ] 2023-10-14 10:27:15.822 [main] SwagLabsPagesTest - Close Down Executed
[DEBUG] 2023-10-14 10:29:03.235 [main] SwagLabsPagesTest - Debugging.....
[INFO ] 2023-10-14 10:29:03.365 [main] SwagLabsPagesTest - Login Page Title Matching ....
[INFO ] 2023-10-14 10:29:03.365 [main] SwagLabsPagesTest - Login Page Title Matched ....
[INFO ] 2023-10-14 10:29:03.694 [main] SwagLabsPagesTest - Login Page url Matching ....
[INFO ] 2023-10-14 10:29:03.696 [main] SwagLabsPagesTest - Login Page url Matched ....
[INFO ] 2023-10-14 10:29:03.903 [main] SwagLabsPagesTest - Login Page logo Matching ....
[INFO ] 2023-10-14 10:29:03.903 [main] SwagLabsPagesTest - Login Page logo Matched ....
[INFO ] 2023-10-14 10:29:04.156 [main] SwagLabsPagesTest - Verifying all Accepted Username Password
[INFO ] 2023-10-14 10:29:04.985 [main] SwagLabsPagesTest - Login Action Performed Succesfully
[INFO ] 2023-10-14 10:29:05.479 [main] SwagLabsPagesTest - Product Page Title Matching ....
[INFO ] 2023-10-14 10:29:05.480 [main] SwagLabsPagesTest - Product Page Title Matched ....
[INFO ] 2023-10-14 10:29:05.841 [main] SwagLabsPagesTest - Product Page url Matching ....
[INFO ] 2023-10-14 10:29:05.841 [main] SwagLabsPagesTest - Product Page url Matched....
[INFO ] 2023-10-14 10:29:06.261 [main] SwagLabsPagesTest - Product Page logo Matching ....
[INFO ] 2023-10-14 10:29:06.261 [main] SwagLabsPagesTest - Product Page logo Matching ....
[INFO ] 2023-10-14 10:29:06.625 [main] SwagLabsPagesTest - verified all product Filter text
[INFO ] 2023-10-14 10:29:06.983 [main] SwagLabsPagesTest - verified all footer links text
[INFO ] 2023-10-14 10:29:07.395 [main] SwagLabsPagesTest - verified all product links
[INFO ] 2023-10-14 10:29:07.873 [main] SwagLabsPagesTest - Click on Product Link
[INFO ] 2023-10-14 10:29:08.151 [main] SwagLabsPagesTest - Second Product Page title Matching ....
[INFO ] 2023-10-14 10:29:08.151 [main] SwagLabsPagesTest - Second Product Page title Matched ....
[INFO ] 2023-10-14 10:29:08.389 [main] SwagLabsPagesTest - Second Product Page url Matching ....
[INFO ] 2023-10-14 10:29:08.389 [main] SwagLabsPagesTest - Second Product Page url Matched ....
[INFO ] 2023-10-14 10:29:08.664 [main] SwagLabsPagesTest - Product price Matching ....
[INFO ] 2023-10-14 10:29:08.665 [main] SwagLabsPagesTest - Product price Matched....
[INFO ] 2023-10-14 10:29:09.097 [main] SwagLabsPagesTest - Click on AddToCart Button
[INFO ] 2023-10-14 10:29:09.285 [main] SwagLabsPagesTest - Product in cart Matching ....
[INFO ] 2023-10-14 10:29:09.285 [main] SwagLabsPagesTest - Product in cart Matched ....
[INFO ] 2023-10-14 10:29:09.558 [main] SwagLabsPagesTest - click on checkout Button
[INFO ] 2023-10-14 10:29:09.830 [main] SwagLabsPagesTest - Address Page Title Matching
[INFO ] 2023-10-14 10:29:09.833 [main] SwagLabsPagesTest - Address Page Title Matched
[INFO ] 2023-10-14 10:29:10.100 [main] SwagLabsPagesTest - Address Page url Matching
[INFO ] 2023-10-14 10:29:10.100 [main] SwagLabsPagesTest - Address Page url Matched
[INFO ] 2023-10-14 10:29:10.422 [main] SwagLabsPagesTest - Address Page logo Matching
[INFO ] 2023-10-14 10:29:10.422 [main] SwagLabsPagesTest - Address Page logo Matched
[INFO ] 2023-10-14 10:29:10.828 [main] SwagLabsPagesTest - Address Page Header Matching
[INFO ] 2023-10-14 10:29:10.828 [main] SwagLabsPagesTest - Address Page Header Matched
[INFO ] 2023-10-14 10:29:11.186 [main] SwagLabsPagesTest - verified All Footer Links
[INFO ] 2023-10-14 10:29:12.783 [main] SwagLabsPagesTest - Successfullt Sent Address Values
[INFO ] 2023-10-14 10:29:13.071 [main] SwagLabsPagesTest - Payement Page logo Matching
[INFO ] 2023-10-14 10:29:13.071 [main] SwagLabsPagesTest - Payement Page logo Matched
[INFO ] 2023-10-14 10:29:13.418 [main] SwagLabsPagesTest - Payement Page Header Matching
[INFO ] 2023-10-14 10:29:13.418 [main] SwagLabsPagesTest - Payement Page Header Matched
[INFO ] 2023-10-14 10:29:13.729 [main] SwagLabsPagesTest - Verified all Footer Links
[INFO ] 2023-10-14 10:29:14.110 [main] SwagLabsPagesTest - Payement Information Matching
[INFO ] 2023-10-14 10:29:14.110 [main] SwagLabsPagesTest - Payement Information Matched
[INFO ] 2023-10-14 10:29:14.494 [main] SwagLabsPagesTest - Shipping Information Matching
[INFO ] 2023-10-14 10:29:14.495 [main] SwagLabsPagesTest - Shipping Information Matched
[INFO ] 2023-10-14 10:29:14.981 [main] SwagLabsPagesTest - Final product price Matching
[INFO ] 2023-10-14 10:29:14.981 [main] SwagLabsPagesTest - Final product price Matched
[INFO ] 2023-10-14 10:29:15.193 [main] SwagLabsPagesTest - ConfirmOrder Page Title Matching
[INFO ] 2023-10-14 10:29:15.193 [main] SwagLabsPagesTest - ConfirmOrder Page Title Matched
[INFO ] 2023-10-14 10:29:15.397 [main] SwagLabsPagesTest - ConfirmOrder Page url Matching
[INFO ] 2023-10-14 10:29:15.397 [main] SwagLabsPagesTest - ConfirmOrder Page url Matched
[INFO ] 2023-10-14 10:29:15.618 [main] SwagLabsPagesTest - ConfirmOrder Page logo Matching
[INFO ] 2023-10-14 10:29:15.618 [main] SwagLabsPagesTest - ConfirmOrder Page logo Matched
[INFO ] 2023-10-14 10:29:15.840 [main] SwagLabsPagesTest - ConfirmOrder Page Header Matching
[INFO ] 2023-10-14 10:29:15.840 [main] SwagLabsPagesTest - ConfirmOrder Page Headers Matched
[INFO ] 2023-10-14 10:29:16.037 [main] SwagLabsPagesTest - Verified all Footer Links
[INFO ] 2023-10-14 10:29:16.258 [main] SwagLabsPagesTest - ConfirmOrder Page message Matching
[INFO ] 2023-10-14 10:29:16.259 [main] SwagLabsPagesTest - ConfirmOrder Page message Matched
[INFO ] 2023-10-14 10:29:16.479 [main] SwagLabsPagesTest - ConfirmOrder Page Deliverymessage Matching
[INFO ] 2023-10-14 10:29:16.479 [main] SwagLabsPagesTest - ConfirmOrder Page Deliverymessage Matched
[WARN ] 2023-10-14 10:29:17.142 [main] SwagLabsPagesTest - Close Down Executed
